zo 25 sep 2022 16:15:10 CEST      MQTT Fireplace listener started
zo 25 sep 2022 16:15:10 CEST      Unable to load configuration file, using defaults
zo 25 sep 2022 16:16:16 CEST      MQTT Fireplace listener started
zo 25 sep 2022 16:16:16 CEST      Unable to load configuration file, using defaults
zo 25 sep 2022 16:16:47 CEST      MQTT Fireplace listener started
zo 25 sep 2022 16:16:47 CEST      Unable to load configuration file, using defaults
zo 25 sep 2022 16:25:17 CEST      MQTT Fireplace listener started
zo 25 sep 2022 16:25:17 CEST      Unable to load configuration file, using defaults
zo 25 sep 2022 16:30:57 CEST      MQTT Fireplace listener started
zo 25 sep 2022 16:30:57 CEST      Unable to load configuration file, using defaults
zo 25 sep 2022 16:32:22 CEST      MQTT Fireplace listener started
zo 25 sep 2022 16:32:22 CEST      Unable to load configuration file, using defaults
zo 25 sep 2022 16:33:10 CEST      MQTT Fireplace listener started
zo 25 sep 2022 16:33:10 CEST      Unable to load configuration file, using defaults
zo 25 sep 2022 16:37:20 CEST      MQTT Fireplace listener started
zo 25 sep 2022 16:37:20 CEST      Configuration file loaded
zo 25 sep 2022 17:16:14 CEST      MQTT Fireplace listener started
zo 25 sep 2022 17:16:14 CEST      Configuration file loaded
zo 25 sep 2022 17:17:40 CEST      Stopping fireplace
zo 25 sep 2022 17:17:48 CEST      Stopping fireplace
zo 25 sep 2022 17:17:56 CEST      Stopping fireplace
zo 25 sep 2022 17:17:57 CEST      Stopping fireplace
zo 25 sep 2022 17:19:21 CEST      MQTT Fireplace listener started
zo 25 sep 2022 17:19:21 CEST      Configuration file loaded
zo 25 sep 2022 17:22:51 CEST      Starting fireplace
zo 25 sep 2022 17:22:55 CEST      Stopping fireplace
zo 25 sep 2022 18:27:39 CEST      MQTT Fireplace listener started
zo 25 sep 2022 18:27:39 CEST      Configuration file loaded
zo 25 sep 2022 18:27:52 CEST      Starting fireplace
zo 25 sep 2022 18:29:28 CEST      MQTT Fireplace listener started
zo 25 sep 2022 18:29:28 CEST      Configuration file loaded
zo 25 sep 2022 18:29:31 CEST      Starting fireplace
zo 25 sep 2022 18:30:53 CEST      MQTT Fireplace listener started
zo 25 sep 2022 18:30:53 CEST      Configuration file loaded
zo 25 sep 2022 18:30:58 CEST      Starting fireplace
zo 25 sep 2022 19:01:52 CEST      MQTT Fireplace listener started
zo 25 sep 2022 19:01:52 CEST      Configuration file loaded
zo 25 sep 2022 19:01:58 CEST      Starting fireplace
zo 25 sep 2022 19:02:57 CEST      MQTT Fireplace listener started
zo 25 sep 2022 19:02:57 CEST      Configuration file loaded
zo 25 sep 2022 19:03:03 CEST      Starting fireplace
zo 25 sep 2022 19:03:14 CEST      Starting fireplace
zo 25 sep 2022 19:03:16 CEST      Starting fireplace
zo 25 sep 2022 19:04:48 CEST      MQTT Fireplace listener started
zo 25 sep 2022 19:04:48 CEST      Configuration file loaded
zo 25 sep 2022 19:04:52 CEST      Starting fireplace
zo 25 sep 2022 19:06:10 CEST      MQTT Fireplace listener started
zo 25 sep 2022 19:06:10 CEST      Configuration file loaded
zo 25 sep 2022 19:06:14 CEST      Starting fireplace
zo 25 sep 2022 19:08:00 CEST      MQTT Fireplace listener started
zo 25 sep 2022 19:08:00 CEST      Configuration file loaded
zo 25 sep 2022 19:08:03 CEST      Starting fireplace
zo 25 sep 2022 19:09:11 CEST      MQTT Fireplace listener started
zo 25 sep 2022 19:09:11 CEST      Configuration file loaded
zo 25 sep 2022 19:09:16 CEST      Starting fireplace
zo 25 sep 2022 19:09:34 CEST      MQTT Fireplace listener started
zo 25 sep 2022 19:09:34 CEST      Configuration file loaded
zo 25 sep 2022 19:09:37 CEST      Starting fireplace
zo 25 sep 2022 19:11:52 CEST      MQTT Fireplace listener started
zo 25 sep 2022 19:11:52 CEST      Configuration file loaded
zo 25 sep 2022 19:11:55 CEST      Starting fireplace
zo 25 sep 2022 19:12:06 CEST      Starting fireplace
zo 25 sep 2022 19:12:19 CEST      Starting fireplace
zo 25 sep 2022 19:16:20 CEST      MQTT Fireplace listener started
zo 25 sep 2022 19:16:20 CEST      Configuration file loaded
zo 25 sep 2022 19:16:25 CEST      Starting fireplace
zo 25 sep 2022 19:16:31 CEST      Starting fireplace
zo 25 sep 2022 19:16:40 CEST      Starting fireplace
zo 25 sep 2022 19:16:54 CEST      Starting fireplace
zo 25 sep 2022 19:17:49 CEST      Stopping fireplace
zo 25 sep 2022 19:17:53 CEST      Starting fireplace
zo 25 sep 2022 19:18:06 CEST      Starting fireplace
zo 25 sep 2022 19:18:18 CEST      Starting fireplace
zo 25 sep 2022 19:19:38 CEST      Starting fireplace
zo 25 sep 2022 19:20:06 CEST      Starting fireplace
zo 25 sep 2022 19:20:13 CEST      Starting fireplace
zo 25 sep 2022 19:20:15 CEST      Starting fireplace
zo 25 sep 2022 19:20:28 CEST      Starting fireplace
zo 25 sep 2022 19:20:29 CEST      Starting fireplace
zo 25 sep 2022 19:20:30 CEST      Starting fireplace
zo 25 sep 2022 19:20:31 CEST      Starting fireplace
zo 25 sep 2022 19:20:32 CEST      Starting fireplace
zo 25 sep 2022 19:20:33 CEST      Starting fireplace
zo 25 sep 2022 19:20:34 CEST      Starting fireplace
zo 25 sep 2022 19:20:36 CEST      Starting fireplace
zo 25 sep 2022 19:20:37 CEST      Starting fireplace
zo 25 sep 2022 19:20:38 CEST      Starting fireplace
zo 25 sep 2022 19:22:22 CEST      Stopping fireplace
zo 25 sep 2022 19:22:50 CEST      Starting fireplace
zo 25 sep 2022 19:28:29 CEST      MQTT Fireplace listener started
zo 25 sep 2022 19:28:29 CEST      Configuration file loaded
zo 25 sep 2022 19:28:34 CEST      Starting fireplace
zo 25 sep 2022 19:29:15 CEST      Stopping fireplace
zo 25 sep 2022 19:29:19 CEST      Starting fireplace
zo 25 sep 2022 19:29:24 CEST      Starting fireplace
zo 25 sep 2022 19:30:41 CEST      Stopping fireplace
zo 25 sep 2022 19:30:44 CEST      Starting fireplace
zo 25 sep 2022 19:30:56 CEST      Starting fireplace
zo 25 sep 2022 19:33:35 CEST      MQTT Fireplace listener started
zo 25 sep 2022 19:33:35 CEST      Configuration file loaded
zo 25 sep 2022 19:33:41 CEST      Starting fireplace
zo 25 sep 2022 19:33:45 CEST      Starting fireplace
zo 25 sep 2022 19:33:52 CEST      Stopping fireplace
zo 25 sep 2022 19:36:14 CEST      Starting fireplace
zo 25 sep 2022 19:36:47 CEST      MQTT Fireplace listener started
zo 25 sep 2022 19:36:47 CEST      Configuration file loaded
zo 25 sep 2022 19:36:55 CEST      Starting fireplace
zo 25 sep 2022 19:38:47 CEST      MQTT Fireplace listener started
zo 25 sep 2022 19:38:47 CEST      Configuration file loaded
zo 25 sep 2022 19:38:50 CEST      Starting fireplace
zo 25 sep 2022 19:40:01 CEST      Stopping fireplace
zo 25 sep 2022 19:40:05 CEST      Starting fireplace
zo 25 sep 2022 19:40:09 CEST      Starting fireplace
zo 25 sep 2022 19:40:11 CEST      Stopping fireplace
zo 25 sep 2022 19:40:13 CEST      Starting fireplace
zo 25 sep 2022 19:43:16 CEST      MQTT Fireplace listener started
zo 25 sep 2022 19:43:16 CEST      Configuration file loaded
zo 25 sep 2022 19:43:23 CEST      Starting fireplace
zo 25 sep 2022 19:43:28 CEST      Starting fireplace
zo 25 sep 2022 19:43:54 CEST      MQTT Fireplace listener started
zo 25 sep 2022 19:43:54 CEST      Configuration file loaded
zo 25 sep 2022 19:44:03 CEST      Starting fireplace
zo 25 sep 2022 19:44:35 CEST      Stopping fireplace
zo 25 sep 2022 19:44:40 CEST      Starting fireplace
zo 25 sep 2022 19:44:45 CEST      Starting fireplace
zo 25 sep 2022 19:44:49 CEST      Starting fireplace
zo 25 sep 2022 19:45:58 CEST      Stopping fireplace
zo 25 sep 2022 19:46:02 CEST      Starting fireplace
zo 25 sep 2022 19:49:54 CEST      Starting fireplace
zo 25 sep 2022 19:49:56 CEST      Starting fireplace
zo 25 sep 2022 19:54:38 CEST      Stopping fireplace
zo 25 sep 2022 19:55:56 CEST      Starting fireplace
zo 25 sep 2022 20:01:11 CEST      Starting fireplace
zo 25 sep 2022 20:01:20 CEST      Starting fireplace
zo 25 sep 2022 20:01:37 CEST      Starting fireplace
zo 25 sep 2022 20:01:39 CEST      Starting fireplace
zo 25 sep 2022 20:01:40 CEST      Starting fireplace
zo 25 sep 2022 20:01:42 CEST      Stopping fireplace
zo 25 sep 2022 20:01:44 CEST      Starting fireplace
zo 25 sep 2022 20:02:31 CEST      Starting fireplace
zo 25 sep 2022 20:02:53 CEST      Starting fireplace
zo 25 sep 2022 20:05:19 CEST      Stopping fireplace
zo 25 sep 2022 20:06:50 CEST      MQTT Fireplace listener started
zo 25 sep 2022 20:06:50 CEST      Configuration file loaded
zo 25 sep 2022 20:06:54 CEST      Starting fireplace
zo 25 sep 2022 20:09:18 CEST      Starting fireplace
zo 25 sep 2022 20:09:22 CEST      Starting fireplace
zo 25 sep 2022 20:09:24 CEST      Starting fireplace
zo 25 sep 2022 20:09:25 CEST      Starting fireplace
zo 25 sep 2022 20:09:26 CEST      Starting fireplace
zo 25 sep 2022 20:09:27 CEST      Starting fireplace
zo 25 sep 2022 20:09:44 CEST      Starting fireplace
zo 25 sep 2022 20:09:45 CEST      Starting fireplace
zo 25 sep 2022 20:09:45 CEST      Starting fireplace
zo 25 sep 2022 20:09:46 CEST      Starting fireplace
zo 25 sep 2022 20:09:46 CEST      Starting fireplace
zo 25 sep 2022 20:09:47 CEST      Starting fireplace
zo 25 sep 2022 20:09:48 CEST      Starting fireplace
zo 25 sep 2022 20:09:49 CEST      Starting fireplace
zo 25 sep 2022 20:09:50 CEST      Starting fireplace
zo 25 sep 2022 20:09:51 CEST      Starting fireplace
zo 25 sep 2022 20:09:51 CEST      Starting fireplace
zo 25 sep 2022 20:09:52 CEST      Starting fireplace
zo 25 sep 2022 20:09:52 CEST      Starting fireplace
zo 25 sep 2022 20:09:53 CEST      Starting fireplace
zo 25 sep 2022 20:09:54 CEST      Starting fireplace
zo 25 sep 2022 20:09:55 CEST      Starting fireplace
zo 25 sep 2022 20:09:55 CEST      Starting fireplace
zo 25 sep 2022 20:09:56 CEST      Starting fireplace
zo 25 sep 2022 20:09:57 CEST      Starting fireplace
zo 25 sep 2022 20:09:57 CEST      Starting fireplace
zo 25 sep 2022 20:10:18 CEST      Starting fireplace
zo 25 sep 2022 20:10:19 CEST      Starting fireplace
zo 25 sep 2022 20:16:18 CEST      MQTT Fireplace listener started
zo 25 sep 2022 20:16:18 CEST      Configuration file loaded
zo 25 sep 2022 20:16:25 CEST      Starting fireplace
zo 25 sep 2022 20:16:38 CEST      Starting fireplace
zo 25 sep 2022 20:17:27 CEST      Starting fireplace
zo 25 sep 2022 20:17:29 CEST      Starting fireplace
zo 25 sep 2022 20:17:30 CEST      Starting fireplace
zo 25 sep 2022 20:17:37 CEST      Starting fireplace
zo 25 sep 2022 20:17:39 CEST      Stopping fireplace
zo 25 sep 2022 20:17:43 CEST      Starting fireplace
zo 25 sep 2022 20:17:47 CEST      Starting fireplace
zo 25 sep 2022 20:17:49 CEST      Starting fireplace
zo 25 sep 2022 20:18:47 CEST      Stopping fireplace
zo 25 sep 2022 20:18:50 CEST      Starting fireplace
zo 25 sep 2022 20:19:04 CEST      Stopping fireplace
zo 25 sep 2022 20:19:07 CEST      Starting fireplace
zo 25 sep 2022 20:19:11 CEST      Starting fireplace
zo 25 sep 2022 20:19:13 CEST      Starting fireplace
zo 25 sep 2022 20:19:17 CEST      Starting fireplace
zo 25 sep 2022 20:19:19 CEST      Starting fireplace
zo 25 sep 2022 20:26:59 CEST      MQTT Fireplace listener started
zo 25 sep 2022 20:26:59 CEST      Configuration file loaded
zo 25 sep 2022 20:28:30 CEST      Stopping fireplace
zo 25 sep 2022 20:28:33 CEST      Starting fireplace
zo 25 sep 2022 20:28:36 CEST      Starting fireplace
zo 25 sep 2022 20:28:36 CEST      Starting fireplace
zo 25 sep 2022 20:28:37 CEST      Starting fireplace
zo 25 sep 2022 20:30:26 CEST      MQTT Fireplace listener started
zo 25 sep 2022 20:30:26 CEST      Configuration file loaded
zo 25 sep 2022 20:30:31 CEST      Starting fireplace
zo 25 sep 2022 20:30:32 CEST      Starting fireplace
zo 25 sep 2022 20:30:33 CEST      Starting fireplace
zo 25 sep 2022 20:30:34 CEST      Starting fireplace
zo 25 sep 2022 20:30:35 CEST      Starting fireplace
zo 25 sep 2022 20:30:54 CEST      MQTT Fireplace listener started
zo 25 sep 2022 20:30:54 CEST      Configuration file loaded
zo 25 sep 2022 20:30:57 CEST      Starting fireplace
zo 25 sep 2022 20:31:01 CEST      Starting fireplace
zo 25 sep 2022 20:31:03 CEST      Starting fireplace
zo 25 sep 2022 20:33:15 CEST      Stopping fireplace
